<?xml version="1.0" encoding="UTF-8"?>
<!-- Generated by org.testng.reporters.JUnitReportReporter -->
<testsuite hostname="TestTriangle" name="Main.PageObjectModelTest" tests="1" failures="0" timestamp="8 Dec 2015 12:05:15 GMT" time="60.510" errors="0">
  <testcase name="test1" time="60.510" classname="Main.PageObjectModelTest"/>
</testsuite> <!-- Main.PageObjectModelTest -->
